<?xml version="1.0" encoding="UTF-8"?>
<!-- Generated by org.testng.reporters.JUnitReportReporter -->
<testsuite skipped="1" hostname="GOURIPRASAD" name="package2.WordpressloginExcel" tests="1" failures="0" timestamp="02 Aug 2018 17:50:12 GMT" time="0.000" errors="0">
  <testcase name="logintoWordpress" time="0.000" classname="package2.WordpressloginExcel">
    <skipped/>
  </testcase> <!-- logintoWordpress -->
</testsuite> <!-- package2.WordpressloginExcel -->
