<?xml version="1.0" encoding="UTF-8"?>
<!-- Generated by org.testng.reporters.JUnitReportReporter -->
<testsuite hostname="GOURIPRASAD" name="DriverFactory.AppTest" tests="1" failures="0" timestamp="2 Aug 2018 14:53:43 GMT" time="41.604" errors="0">
  <testcase name="kickstart" time="41.604" classname="DriverFactory.AppTest"/>
</testsuite> <!-- DriverFactory.AppTest -->
